
Collecting usage statistics. To deactivate, set browser.gatherUsageStats to false.


  You can now view your Streamlit app in your browser.

  Local URL: http://localhost:8501
  Network URL: http://169.254.0.21:8501
  External URL: http://3.88.22.102:8501

2025-11-08 16:37:49.176 Please replace `use_container_width` with `width`.

`use_container_width` will be removed after 2025-12-31.

For `use_container_width=True`, use `width='stretch'`. For `use_container_width=False`, use `width='content'`.
2025-11-08 16:46:26.485 Please replace `use_container_width` with `width`.

`use_container_width` will be removed after 2025-12-31.

For `use_container_width=True`, use `width='stretch'`. For `use_container_width=False`, use `width='content'`.
2025-11-08 16:46:37.204 Please replace `use_container_width` with `width`.

`use_container_width` will be removed after 2025-12-31.

For `use_container_width=True`, use `width='stretch'`. For `use_container_width=False`, use `width='content'`.
2025-11-08 16:46:37.218 Please replace `use_container_width` with `width`.

`use_container_width` will be removed after 2025-12-31.

For `use_container_width=True`, use `width='stretch'`. For `use_container_width=False`, use `width='content'`.
2025-11-08 16:46:37.221 Please replace `use_container_width` with `width`.

`use_container_width` will be removed after 2025-12-31.

For `use_container_width=True`, use `width='stretch'`. For `use_container_width=False`, use `width='content'`.
2025-11-08 16:46:37.225 Please replace `use_container_width` with `width`.

`use_container_width` will be removed after 2025-12-31.

For `use_container_width=True`, use `width='stretch'`. For `use_container_width=False`, use `width='content'`.
/home/ubuntu/uk-tender-scraper/venv/lib/python3.11/site-packages/altair/utils/core.py:264: UserWarning: I don't know how to infer vegalite type from 'decimal'.  Defaulting to nominal.
  warnings.warn(
2025-11-08 16:46:37.245 Please replace `use_container_width` with `width`.

`use_container_width` will be removed after 2025-12-31.

For `use_container_width=True`, use `width='stretch'`. For `use_container_width=False`, use `width='content'`.
2025-11-08 16:47:10.389 Please replace `use_container_width` with `width`.

`use_container_width` will be removed after 2025-12-31.

For `use_container_width=True`, use `width='stretch'`. For `use_container_width=False`, use `width='content'`.
2025-11-08 16:47:24.669 Please replace `use_container_width` with `width`.

`use_container_width` will be removed after 2025-12-31.

For `use_container_width=True`, use `width='stretch'`. For `use_container_width=False`, use `width='content'`.
2025-11-08 16:47:24.689 Please replace `use_container_width` with `width`.

`use_container_width` will be removed after 2025-12-31.

For `use_container_width=True`, use `width='stretch'`. For `use_container_width=False`, use `width='content'`.
2025-11-08 16:47:24.693 Please replace `use_container_width` with `width`.

`use_container_width` will be removed after 2025-12-31.

For `use_container_width=True`, use `width='stretch'`. For `use_container_width=False`, use `width='content'`.
2025-11-08 16:47:24.696 Please replace `use_container_width` with `width`.

`use_container_width` will be removed after 2025-12-31.

For `use_container_width=True`, use `width='stretch'`. For `use_container_width=False`, use `width='content'`.
/home/ubuntu/uk-tender-scraper/venv/lib/python3.11/site-packages/altair/utils/core.py:264: UserWarning: I don't know how to infer vegalite type from 'decimal'.  Defaulting to nominal.
  warnings.warn(
2025-11-08 16:47:24.714 Please replace `use_container_width` with `width`.

`use_container_width` will be removed after 2025-12-31.

For `use_container_width=True`, use `width='stretch'`. For `use_container_width=False`, use `width='content'`.
2025-11-08 16:47:30.072 Uncaught app execution
Traceback (most recent call last):
  File "/home/ubuntu/uk-tender-scraper/venv/lib/python3.11/site-packages/streamlit/runtime/scriptrunner/exec_code.py", line 129, in exec_func_with_error_handling
    result = func()
             ^^^^^^
  File "/home/ubuntu/uk-tender-scraper/venv/lib/python3.11/site-packages/streamlit/runtime/scriptrunner/script_runner.py", line 667, in code_to_exec
    _mpa_v1(self._main_script_path)
  File "/home/ubuntu/uk-tender-scraper/venv/lib/python3.11/site-packages/streamlit/runtime/scriptrunner/script_runner.py", line 165, in _mpa_v1
    page.run()
  File "/home/ubuntu/uk-tender-scraper/venv/lib/python3.11/site-packages/streamlit/navigation/page.py", line 303, in run
    exec(code, module.__dict__)  # noqa: S102
    ^^^^^^^^^^^^^^^^^^^^^^^^^^^
  File "/home/ubuntu/uk-tender-scraper/pages/1_Scrape_Tenders.py", line 285, in <module>
    df_display = df_logs[list(display_columns.keys())].copy()
                 ~~~~~~~^^^^^^^^^^^^^^^^^^^^^^^^^^^^^^
  File "/home/ubuntu/uk-tender-scraper/venv/lib/python3.11/site-packages/pandas/core/frame.py", line 4119, in __getitem__
    indexer = self.columns._get_indexer_strict(key, "columns")[1]
              ^^^^^^^^^^^^^^^^^^^^^^^^^^^^^^^^^^^^^^^^^^^^^^^^
  File "/home/ubuntu/uk-tender-scraper/venv/lib/python3.11/site-packages/pandas/core/indexes/base.py", line 6212, in _get_indexer_strict
    self._raise_if_missing(keyarr, indexer, axis_name)
  File "/home/ubuntu/uk-tender-scraper/venv/lib/python3.11/site-packages/pandas/core/indexes/base.py", line 6264, in _raise_if_missing
    raise KeyError(f"{not_found} not in index")
KeyError: "['scrape_date'] not in index"
